\BOOKMARK [0][-]{chapter.1}{ / Genesis}{}% 1
\BOOKMARK [0][-]{chapter.2}{ / Exodus}{}% 2
\BOOKMARK [0][-]{chapter.3}{ / Leviticus}{}% 3
\BOOKMARK [0][-]{chapter.4}{ / Numbers}{}% 4
\BOOKMARK [0][-]{chapter.5}{ / Deuteronomy}{}% 5
\BOOKMARK [0][-]{chapter.6}{ / Joshua}{}% 6
\BOOKMARK [0][-]{chapter.7}{ / Judges}{}% 7
\BOOKMARK [0][-]{chapter.8}{ / Ruth}{}% 8
\BOOKMARK [0][-]{chapter.9}{1 \040/ 1 Samuel}{}% 9
\BOOKMARK [0][-]{chapter.10}{2 \040/ 2 Samuel}{}% 10
\BOOKMARK [0][-]{chapter.11}{1 \040/ 1 Kings}{}% 11
\BOOKMARK [0][-]{chapter.12}{2 \040/ 2 Kings}{}% 12
\BOOKMARK [0][-]{chapter.13}{1 \040/ 1 Chronicles}{}% 13
\BOOKMARK [0][-]{chapter.14}{2 \040/ 2 Chronicles}{}% 14
\BOOKMARK [0][-]{chapter.15}{ / Ezra}{}% 15
\BOOKMARK [0][-]{chapter.16}{ / Nehemiah}{}% 16
\BOOKMARK [0][-]{chapter.17}{ / Esther}{}% 17
\BOOKMARK [0][-]{chapter.18}{ / Job}{}% 18
\BOOKMARK [0][-]{chapter.19}{ / Psalms}{}% 19
\BOOKMARK [0][-]{chapter.20}{ / Proverbs}{}% 20
\BOOKMARK [0][-]{chapter.21}{ / Ecclesiastes}{}% 21
\BOOKMARK [0][-]{chapter.22}{ / Song of Solomon}{}% 22
\BOOKMARK [0][-]{chapter.23}{ / Isaiah}{}% 23
\BOOKMARK [0][-]{chapter.24}{ / Jeremiah}{}% 24
\BOOKMARK [0][-]{chapter.25}{ / Lamentations}{}% 25
\BOOKMARK [0][-]{chapter.26}{ / Ezekiel}{}% 26
\BOOKMARK [0][-]{chapter.27}{ / Daniel}{}% 27
\BOOKMARK [0][-]{chapter.28}{ / Hosea}{}% 28
\BOOKMARK [0][-]{chapter.29}{ / Joel}{}% 29
\BOOKMARK [0][-]{chapter.30}{ / Amos}{}% 30
\BOOKMARK [0][-]{chapter.31}{ / Obadiah}{}% 31
\BOOKMARK [0][-]{chapter.32}{ / Jonah}{}% 32
\BOOKMARK [0][-]{chapter.33}{ / Micah}{}% 33
\BOOKMARK [0][-]{chapter.34}{ / Nahum}{}% 34
\BOOKMARK [0][-]{chapter.35}{ / Habakkuk}{}% 35
\BOOKMARK [0][-]{chapter.36}{ / Zephaniah}{}% 36
\BOOKMARK [0][-]{chapter.37}{ / Haggai}{}% 37
\BOOKMARK [0][-]{chapter.38}{ / Zechariah}{}% 38
\BOOKMARK [0][-]{chapter.39}{ / Malachi}{}% 39
\BOOKMARK [0][-]{chapter.40}{ / Matthew}{}% 40
\BOOKMARK [0][-]{chapter.41}{ / Mark}{}% 41
\BOOKMARK [0][-]{chapter.42}{ / Luke}{}% 42
\BOOKMARK [0][-]{chapter.43}{ / John}{}% 43
\BOOKMARK [0][-]{chapter.44}{ / Acts}{}% 44
\BOOKMARK [0][-]{chapter.45}{ / Romans}{}% 45
\BOOKMARK [0][-]{chapter.46}{1 \040/ 1 Corinthians}{}% 46
\BOOKMARK [0][-]{chapter.47}{2 \040/ 2 Corinthians}{}% 47
\BOOKMARK [0][-]{chapter.48}{ / Galatians}{}% 48
\BOOKMARK [0][-]{chapter.49}{ / Ephesians}{}% 49
\BOOKMARK [0][-]{chapter.50}{ / Philippians}{}% 50
\BOOKMARK [0][-]{chapter.51}{ / Colossians}{}% 51
\BOOKMARK [0][-]{chapter.52}{1 \040/ 1 Thessalonians}{}% 52
\BOOKMARK [0][-]{chapter.53}{2 \040/ 2 Thessalonians}{}% 53
\BOOKMARK [0][-]{chapter.54}{1 \040/ 1 Timothy}{}% 54
\BOOKMARK [0][-]{chapter.55}{2 \040/ 2 Timoth}{}% 55
\BOOKMARK [0][-]{chapter.56}{ / Titus}{}% 56
\BOOKMARK [0][-]{chapter.57}{ / Philemon}{}% 57
\BOOKMARK [0][-]{chapter.58}{ / Hebrews}{}% 58
\BOOKMARK [0][-]{chapter.59}{ / James}{}% 59
\BOOKMARK [0][-]{chapter.60}{1 \040/ 1 Peter}{}% 60
\BOOKMARK [0][-]{chapter.61}{2 \040/ 2 Peter}{}% 61
\BOOKMARK [0][-]{chapter.62}{1 \040/ 1 John}{}% 62
\BOOKMARK [0][-]{chapter.63}{2 \040/ 2 John}{}% 63
\BOOKMARK [0][-]{chapter.64}{3 \040/ 3 John}{}% 64
\BOOKMARK [0][-]{chapter.65}{ / Jude}{}% 65
\BOOKMARK [0][-]{chapter.66}{ / Revelation}{}% 66
